<?xml version="1.0" encoding="UTF-8"?>
<!-- Generated by org.testng.reporters.JUnitXMLReporter -->
<testsuite ignored="7" hostname="Sweety" failures="0" tests="1" name="Default test" time="276.227" errors="0" timestamp="2023-09-06T16:32:48 IST">
  <testcase classname="BestBuyTests.BestBuyTest" name="validLoginTestcase" time="275.895"/>
  <testcase classname="BestBuyTests.BestBuyTest" name="menuNavigate" time="0.0">
    <ignored/>
  </testcase> <!-- menuNavigate -->
  <testcase classname="BestBuyTests.BestBuyTest" name="SelectByBrand" time="0.0">
    <ignored/>
  </testcase> <!-- SelectByBrand -->
  <testcase classname="BestBuyTests.BestBuyTest" name="CheckoutToPayment" time="0.0">
    <ignored/>
  </testcase> <!-- CheckoutToPayment -->
  <testcase classname="BestBuyTests.BestBuyTest" name="bottomLink" time="0.0">
    <ignored/>
  </testcase> <!-- bottomLink -->
  <testcase classname="BestBuyTests.BestBuyTest" name="AddItems" time="0.0">
    <ignored/>
  </testcase> <!-- AddItems -->
  <testcase classname="BestBuyTests.BestBuyTest" name="TestcaseLaunchBrowser" time="0.0">
    <ignored/>
  </testcase> <!-- TestcaseLaunchBrowser -->
  <testcase classname="BestBuyTests.BestBuyTest" name="addShopbyDept" time="0.0">
    <ignored/>
  </testcase> <!-- addShopbyDept -->
</testsuite> <!-- Default test -->
