<?xml version="1.0" encoding="UTF-8"?>
<!-- Generated by org.testng.reporters.JUnitXMLReporter -->
<testsuite ignored="0" hostname="Sweety" failures="0" tests="3" name="Test" time="182.529" errors="0" timestamp="2023-09-08T11:57:11 IST">
  <testcase classname="BestBuyUtils.BrokenLink" name="brokenLinkBestbuy" time="10.22"/>
  <testcase classname="BestBuyTests.BestBuyTest" name="TestcaseLaunchBrowser" time="8.198"/>
  <testcase classname="BestBuyTests.BestBuyTest" name="validLoginTestcase" time="163.344"/>
</testsuite> <!-- Test -->
